<?xml version="1.0" encoding="UTF-8"?><testsuite errors="0" failures="1" name="org.example.features.search.SearchByKeywordStoryDDT" skipped="0" tests="3" time="32.2" timestamp="2023-05-02 09:01:16"><testcase classname="org.example.features.search.SearchByKeywordStoryDDT" name="Search wiki by keyword test DDT"><failure message="&#10;Expected: a collection containing a string containing &quot;A person who has not yet reached adulthood, whether natural (puberty), cultural (initiation), or legal (majority); (obsolete, specifically) a female child, a girl.&quot;&#10;     but: was &quot;&quot;, was &quot;(broadly) A person who has not yet reached adulthood, whether natural (puberty), cultural (initiation), or legal (majority). quotations ▼&#10;Go easy on him: he is but a child.&#10;synonym ▲hyponyms ▼&#10;Synonym: kid&#10;(pediatrics, sometimes, in a stricter sense) A kid aged 1 to 11 years, whereas neonates are aged 0 to 1 month, infants are aged 1 month to 12 months, and adolescents are aged 12 years to 18 years. hypernym, coordinate terms ▼&#10;Regular chores can be appropriate for both children and adolescents, given age-appropriate limits on difficulty level and time on task.&quot;, was &quot;&quot;, was &quot;&quot;, was &quot;&quot;, was &quot;(pediatrics, sometimes, in a stricter sense) A kid aged 1 to 11 years, whereas neonates are aged 0 to 1 month, infants are aged 1 month to 12 months, and adolescents are aged 12 years to 18 years. hypernym, coordinate terms ▼&#10;Regular chores can be appropriate for both children and adolescents, given age-appropriate limits on difficulty level and time on task.&quot;, was &quot;&quot;, was &quot;(with possessive) One's direct descendant by birth, regardless of age; one's offspring; a son or daughter.&#10;My youngest child is forty-three this year.&#10;His adult children visit him yearly.&quot;, was &quot;&quot;, was &quot;(cartomancy) The thirteenth Lenormand card.&quot;, was &quot;&quot;, was &quot;(figurative) A figurative offspring, particularly:&#10;A person considered a product of a place or culture, a member of a tribe or culture, regardless of age. quotations ▼&#10;The children of Israel.&#10;He is a child of his times.&#10;Anything derived from or caused by something. quotations ▼&#10;(computing) A data item, process, or object which has a subservient or derivative role relative to another. quotations ▼&#10;The child node then stores the actual data of the parent node.&quot;, was &quot;A person considered a product of a place or culture, a member of a tribe or culture, regardless of age. quotations ▼&#10;The children of Israel.&#10;He is a child of his times.&quot;, was &quot;&quot;, was &quot;&quot;, was &quot;&quot;, was &quot;Anything derived from or caused by something. quotations ▼&quot;, was &quot;&quot;, was &quot;&quot;, was &quot;(computing) A data item, process, or object which has a subservient or derivative role relative to another. quotations ▼&#10;The child node then stores the actual data of the parent node.&quot;, was &quot;&quot;, was &quot;&quot;, was &quot;Alternative form of childe (“youth of noble birth”)&quot;, was &quot;&quot;, was &quot;(mathematics) A subordinate node of a tree.&quot;, was &quot;&quot;, was &quot;(obsolete, specifically) A female child, a girl. quotations ▼&quot;, was &quot;&quot;" type="java.lang.AssertionError">
Expected: a collection containing a string containing "A person who has not yet reached adulthood, whether natural (puberty), cultural (initiation), or legal (majority); (obsolete, specifically) a female child, a girl."
     but: was "", was "(broadly) A person who has not yet reached adulthood, whether natural (puberty), cultural (initiation), or legal (majority). quotations ▼
Go easy on him: he is but a child.
synonym ▲hyponyms ▼
Synonym: kid
(pediatrics, sometimes, in a stricter sense) A kid aged 1 to 11 years, whereas neonates are aged 0 to 1 month, infants are aged 1 month to 12 months, and adolescents are aged 12 years to 18 years. hypernym, coordinate terms ▼
Regular chores can be appropriate for both children and adolescents, given age-appropriate limits on difficulty level and time on task.", was "", was "", was "", was "(pediatrics, sometimes, in a stricter sense) A kid aged 1 to 11 years, whereas neonates are aged 0 to 1 month, infants are aged 1 month to 12 months, and adolescents are aged 12 years to 18 years. hypernym, coordinate terms ▼
Regular chores can be appropriate for both children and adolescents, given age-appropriate limits on difficulty level and time on task.", was "", was "(with possessive) One's direct descendant by birth, regardless of age; one's offspring; a son or daughter.
My youngest child is forty-three this year.
His adult children visit him yearly.", was "", was "(cartomancy) The thirteenth Lenormand card.", was "", was "(figurative) A figurative offspring, particularly:
A person considered a product of a place or culture, a member of a tribe or culture, regardless of age. quotations ▼
The children of Israel.
He is a child of his times.
Anything derived from or caused by something. quotations ▼
(computing) A data item, process, or object which has a subservient or derivative role relative to another. quotations ▼
The child node then stores the actual data of the parent node.", was "A person considered a product of a place or culture, a member of a tribe or culture, regardless of age. quotations ▼
The children of Israel.
He is a child of his times.", was "", was "", was "", was "Anything derived from or caused by something. quotations ▼", was "", was "", was "(computing) A data item, process, or object which has a subservient or derivative role relative to another. quotations ▼
The child node then stores the actual data of the parent node.", was "", was "", was "Alternative form of childe (“youth of noble birth”)", was "", was "(mathematics) A subordinate node of a tree.", was "", was "(obsolete, specifically) A female child, a girl. quotations ▼", was ""</failure><system-err>
Expected: a collection containing a string containing "A person who has not yet reached adulthood, whether natural (puberty), cultural (initiation), or legal (majority); (obsolete, specifically) a female child, a girl."
     but: was "", was "(broadly) A person who has not yet reached adulthood, whether natural (puberty), cultural (initiation), or legal (majority). quotations ▼
Go easy on him: he is but a child.
synonym ▲hyponyms ▼
Synonym: kid
(pediatrics, sometimes, in a stricter sense) A kid aged 1 to 11 years, whereas neonates are aged 0 to 1 month, infants are aged 1 month to 12 months, and adolescents are aged 12 years to 18 years. hypernym, coordinate terms ▼
Regular chores can be appropriate for both children and adolescents, given age-appropriate limits on difficulty level and time on task.", was "", was "", was "", was "(pediatrics, sometimes, in a stricter sense) A kid aged 1 to 11 years, whereas neonates are aged 0 to 1 month, infants are aged 1 month to 12 months, and adolescents are aged 12 years to 18 years. hypernym, coordinate terms ▼
Regular chores can be appropriate for both children and adolescents, given age-appropriate limits on difficulty level and time on task.", was "", was "(with possessive) One's direct descendant by birth, regardless of age; one's offspring; a son or daughter.
My youngest child is forty-three this year.
His adult children visit him yearly.", was "", was "(cartomancy) The thirteenth Lenormand card.", was "", was "(figurative) A figurative offspring, particularly:
A person considered a product of a place or culture, a member of a tribe or culture, regardless of age. quotations ▼
The children of Israel.
He is a child of his times.
Anything derived from or caused by something. quotations ▼
(computing) A data item, process, or object which has a subservient or derivative role relative to another. quotations ▼
The child node then stores the actual data of the parent node.", was "A person considered a product of a place or culture, a member of a tribe or culture, regardless of age. quotations ▼
The children of Israel.
He is a child of his times.", was "", was "", was "", was "Anything derived from or caused by something. quotations ▼", was "", was "", was "(computing) A data item, process, or object which has a subservient or derivative role relative to another. quotations ▼
The child node then stores the actual data of the parent node.", was "", was "", was "Alternative form of childe (“youth of noble birth”)", was "", was "(mathematics) A subordinate node of a tree.", was "", was "(obsolete, specifically) A female child, a girl. quotations ▼", was ""&#13;
org.example.steps.serenity.EndUserSteps.should_see_definition(EndUserSteps.java:27)&#13;
org.example.features.search.SearchByKeywordStoryDDT.searchWikiByKeywordTestDDT(SearchByKeywordStoryDDT.java:37)&#13;
</system-err></testcase></testsuite>